TN:
SF:src\notificador\CambioEstado.ts
FNF:0
FNH:0
DA:1,1
DA:2,1
DA:3,1
DA:4,1
DA:5,1
DA:6,1
LF:6
LH:6
BRDA:1,0,0,1
BRF:1
BRH:1
end_of_record
TN:
SF:src\notificador\Jefe.ts
FN:4,actualizar
FNF:1
FNH:1
FNDA:1,actualizar
DA:1,1
DA:2,1
DA:3,1
DA:4,1
DA:5,1
DA:6,1
DA:7,1
LF:7
LH:7
BRDA:4,0,0,1
BRF:1
BRH:1
end_of_record
TN:
SF:src\notificador\NotificadorEstadoReactor.ts
FN:7,<instance_members_initializer>
FN:11,NotificadorEstadoReactor
FN:16,suscribir
FN:20,suscribirJefe
FN:24,desuscribir
FN:28,desuscribirJefe
FN:32,notificar
FNF:7
FNH:7
FNDA:7,<instance_members_initializer>
FNDA:7,NotificadorEstadoReactor
FNDA:3,suscribir
FNDA:3,suscribirJefe
FNDA:1,desuscribir
FNDA:1,desuscribirJefe
FNDA:2,notificar
DA:1,1
DA:2,1
DA:3,1
DA:4,1
DA:5,1
DA:6,1
DA:7,7
DA:8,7
DA:9,7
DA:10,7
DA:11,7
DA:12,7
DA:13,7
DA:14,7
DA:15,7
DA:16,7
DA:17,3
DA:18,3
DA:19,7
DA:20,7
DA:21,3
DA:22,3
DA:23,7
DA:24,7
DA:25,1
DA:26,1
DA:27,7
DA:28,7
DA:29,1
DA:30,1
DA:31,7
DA:32,7
DA:33,2
DA:34,1
DA:35,1
DA:36,1
DA:37,1
DA:38,2
DA:39,7
LF:39
LH:39
BRDA:7,0,0,7
BRDA:11,1,0,7
BRDA:16,2,0,3
BRDA:20,3,0,3
BRDA:24,4,0,1
BRDA:25,5,0,1
BRDA:28,6,0,1
BRDA:32,7,0,2
BRDA:33,8,0,1
BRDA:34,9,0,1
BRF:10
BRH:10
end_of_record
TN:
SF:src\notificador\Operadores.ts
FN:5,<instance_members_initializer>
FN:8,Operador
FN:12,actualizar
FNF:3
FNH:3
FNDA:3,<instance_members_initializer>
FNDA:3,Operador
FNDA:1,actualizar
DA:1,1
DA:2,1
DA:3,1
DA:4,1
DA:5,3
DA:6,3
DA:7,3
DA:8,3
DA:9,3
DA:10,3
DA:11,3
DA:12,3
DA:13,1
DA:14,1
DA:15,3
LF:15
LH:15
BRDA:5,0,0,3
BRDA:8,1,0,3
BRDA:12,2,0,1
BRF:3
BRH:3
end_of_record
TN:
SF:src\notificador\Reactor.ts
FNF:0
FNH:0
DA:1,1
DA:2,1
DA:3,1
LF:3
LH:3
BRF:0
BRH:0
end_of_record
